This is pdfTeX, Version 3.14159265-2.6-1.40.19 (TeX Live 2018/Cygwin) (preloaded format=pdflatex 2018.10.10)  28 JAN 2019 13:42
entering extended mode
 restricted \write18 enabled.
 %&-line parsing enabled.
**resume_lutao_jp_cisco2.tex
(./resume_lutao_jp_cisco2.tex
LaTeX2e <2018-04-01> patch level 2
Babel <3.18> and hyphenation patterns for 83 language(s) loaded.
(/usr/share/texmf-dist/tex/latex/koma-script/scrartcl.cls
Document Class: scrartcl 2018/03/30 v3.25 KOMA-Script document class (article)
(/usr/share/texmf-dist/tex/latex/koma-script/scrkbase.sty
Package: scrkbase 2018/03/30 v3.25 KOMA-Script package (KOMA-Script-dependent b
asics and keyval usage)

(/usr/share/texmf-dist/tex/latex/koma-script/scrbase.sty
Package: scrbase 2018/03/30 v3.25 KOMA-Script package (KOMA-Script-independent 
basics and keyval usage)

(/usr/share/texmf-dist/tex/latex/graphics/keyval.sty
Package: keyval 2014/10/28 v1.15 key=value parser (DPC)
\KV@toks@=\toks14
)
(/usr/share/texmf-dist/tex/latex/koma-script/scrlfile.sty
Package: scrlfile 2018/03/30 v3.25 KOMA-Script package (loading files)
)))
(/usr/share/texmf-dist/tex/latex/koma-script/tocbasic.sty
Package: tocbasic 2018/03/30 v3.25 KOMA-Script package (handling toc-files)
\scr@dte@tocline@numberwidth=\skip41
\scr@dte@tocline@numbox=\box26
)
Package tocbasic Info: omitting babel extension for `toc'
(tocbasic)             because of feature `nobabel' available
(tocbasic)             for `toc' on input line 134.


LaTeX Font Warning: Font shape `OT1/cmr/m/n' in size <10.5> not available
(Font)              size <10.95> substituted on input line 2114.

(/usr/share/texmf-dist/tex/latex/koma-script/typearea.sty
Package: typearea 2018/03/30 v3.25 KOMA-Script package (type area)
\ta@bcor=\skip42
\ta@div=\count80
\ta@hblk=\skip43
\ta@vblk=\skip44
\ta@temp=\skip45
\footheight=\skip46


Package typearea Warning: DIV for 10.5pt and used papersize
(typearea)                not defined!
(typearea)                Using DIV=calc.

DIV calculation for typearea with good linewidth.
Package typearea Info: These are the values describing the layout:
(typearea)             DIV  = 8
(typearea)             BCOR = 0.0pt
(typearea)             \paperwidth      = 597.50793pt
(typearea)              \textwidth      = 373.44246pt
(typearea)              DIV departure   = 0%
(typearea)              \evensidemargin = 39.76274pt
(typearea)              \oddsidemargin  = 39.76274pt
(typearea)             \paperheight     = 845.04694pt
(typearea)              \textheight     = 539.69833pt
(typearea)              \topmargin      = -1.289pt
(typearea)              \headheight     = 15.74994pt
(typearea)              \headsep        = 18.89993pt
(typearea)              \topskip        = 10.5pt
(typearea)              \footskip       = 44.09984pt
(typearea)              \baselineskip   = 12.59996pt
(typearea)              on input line 1706.
)
\c@part=\count81
\c@section=\count82
\c@subsection=\count83
\c@subsubsection=\count84
\c@paragraph=\count85
\c@subparagraph=\count86
\scr@dte@part@maxnumwidth=\skip47
\scr@dte@section@maxnumwidth=\skip48
\scr@dte@subsection@maxnumwidth=\skip49
\scr@dte@subsubsection@maxnumwidth=\skip50
\scr@dte@paragraph@maxnumwidth=\skip51
\scr@dte@subparagraph@maxnumwidth=\skip52
\abovecaptionskip=\skip53
\belowcaptionskip=\skip54
\c@pti@nb@sid@b@x=\box27
\scr@dte@figure@maxnumwidth=\skip55
Package tocbasic Info: omitting babel extension for `lof'
(tocbasic)             because of feature `nobabel' available
(tocbasic)             for `lof' on input line 5439.
\c@figure=\count87
\scr@dte@table@maxnumwidth=\skip56
Package tocbasic Info: omitting babel extension for `lot'
(tocbasic)             because of feature `nobabel' available
(tocbasic)             for `lot' on input line 5451.
\c@table=\count88
Class scrartcl Info: Redefining `\numberline' on input line 5615.
\bibindent=\dimen102
) (/usr/share/texmf-dist/tex/latex/microtype/microtype.sty
Package: microtype 2018/01/14 v2.7a Micro-typographical refinements (RS)
\MT@toks=\toks15
\MT@count=\count89
LaTeX Info: Redefining \textls on input line 793.
\MT@outer@kern=\dimen103
LaTeX Info: Redefining \textmicrotypecontext on input line 1339.
\MT@listname@count=\count90

(/usr/share/texmf-dist/tex/latex/microtype/microtype-pdftex.def
File: microtype-pdftex.def 2018/01/14 v2.7a Definitions specific to pdftex (RS)

LaTeX Info: Redefining \lsstyle on input line 913.
LaTeX Info: Redefining \lslig on input line 913.
\MT@outer@space=\skip57
)
Package microtype Info: Loading configuration file microtype.cfg.

(/usr/share/texmf-dist/tex/latex/microtype/microtype.cfg
File: microtype.cfg 2018/01/14 v2.7a microtype main configuration file (RS)
))
(/usr/share/texmf-dist/tex/latex/graphics/graphicx.sty
Package: graphicx 2017/06/01 v1.1a Enhanced LaTeX Graphics (DPC,SPQR)

(/usr/share/texmf-dist/tex/latex/graphics/graphics.sty
Package: graphics 2017/06/25 v1.2c Standard LaTeX Graphics (DPC,SPQR)

(/usr/share/texmf-dist/tex/latex/graphics/trig.sty
Package: trig 2016/01/03 v1.10 sin cos tan (DPC)
)
(/usr/share/texmf-dist/tex/latex/graphics-cfg/graphics.cfg
File: graphics.cfg 2016/06/04 v1.11 sample graphics configuration
)
Package graphics Info: Driver file: pdftex.def on input line 99.

(/usr/share/texmf-dist/tex/latex/graphics-def/pdftex.def
File: pdftex.def 2018/01/08 v1.0l Graphics/color driver for pdftex
))
\Gin@req@height=\dimen104
\Gin@req@width=\dimen105
)
(/usr/share/texmf-dist/tex/latex/xcolor/xcolor.sty
Package: xcolor 2016/05/11 v2.12 LaTeX color extensions (UK)

(/usr/share/texmf-dist/tex/latex/graphics-cfg/color.cfg
File: color.cfg 2016/01/02 v1.6 sample color configuration
)
Package xcolor Info: Driver file: pdftex.def on input line 225.
Package xcolor Info: Model `cmy' substituted by `cmy0' on input line 1348.
Package xcolor Info: Model `hsb' substituted by `rgb' on input line 1352.
Package xcolor Info: Model `RGB' extended on input line 1364.
Package xcolor Info: Model `HTML' substituted by `rgb' on input line 1366.
Package xcolor Info: Model `Hsb' substituted by `hsb' on input line 1367.
Package xcolor Info: Model `tHsb' substituted by `hsb' on input line 1368.
Package xcolor Info: Model `HSB' substituted by `hsb' on input line 1369.
Package xcolor Info: Model `Gray' substituted by `gray' on input line 1370.
Package xcolor Info: Model `wave' substituted by `hsb' on input line 1371.

(/usr/share/texmf-dist/tex/latex/xcolor/svgnam.def
File: svgnam.def 2016/05/11 v2.12 Predefined colors according to SVG 1.1 (UK)
))
(/usr/share/texmf-dist/tex/latex/geometry/geometry.sty
Package: geometry 2018/03/24 v5.7 Page Geometry

(/usr/share/texmf-dist/tex/generic/oberdiek/ifpdf.sty
Package: ifpdf 2017/03/15 v3.2 Provides the ifpdf switch
)
(/usr/share/texmf-dist/tex/generic/oberdiek/ifvtex.sty
Package: ifvtex 2016/05/16 v1.6 Detect VTeX and its facilities (HO)
Package ifvtex Info: VTeX not detected.
)
(/usr/share/texmf-dist/tex/generic/ifxetex/ifxetex.sty
Package: ifxetex 2010/09/12 v0.6 Provides ifxetex conditional
)
\Gm@cnth=\count91
\Gm@cntv=\count92
\c@Gm@tempcnt=\count93
\Gm@bindingoffset=\dimen106
\Gm@wd@mp=\dimen107
\Gm@odd@mp=\dimen108
\Gm@even@mp=\dimen109
\Gm@layoutwidth=\dimen110
\Gm@layoutheight=\dimen111
\Gm@layouthoffset=\dimen112
\Gm@layoutvoffset=\dimen113
\Gm@dimlist=\toks16
)
(/usr/share/texmf-dist/tex/latex/url/url.sty
\Urlmuskip=\muskip10
Package: url 2013/09/16  ver 3.4  Verb mode for urls, etc.
)
(/usr/share/texmf-dist/tex/latex/wrapfig/wrapfig.sty
\wrapoverhang=\dimen114
\WF@size=\dimen115
\c@WF@wrappedlines=\count94
\WF@box=\box28
\WF@everypar=\toks17
Package: wrapfig 2003/01/31  v 3.6
)
(/usr/share/texmf-dist/tex/platex/pxrubrica/pxrubrica.sty
Package: pxrubrica 2017/11/19 v1.3b PX Japanese-style ruby
\pxrr@cnta=\count95
\pxrr@cntr=\count96
\pxrr@dima=\dimen116
\pxrr@boxa=\box29
\pxrr@boxb=\box30
\pxrr@boxr=\box31


Package pxrubrica Warning: The engine in use seems to be pdfTeX,
(pxrubrica)                so safe mode is turned on on input line 553.

) (/usr/share/texmf-dist/tex/latex/bxcjkjatype/bxcjkjatype.sty
Package: bxcjkjatype 2016/10/15 v0.3
Package bxcjkjatype Info: Driver auto-detected: pdftex on input line 144.

(/usr/share/texmf-dist/tex/latex/cjk/texinput/CJK.sty
Package: CJK 2015/04/18 4.8.4

(/usr/share/texmf-dist/tex/latex/cjk/texinput/mule/MULEenc.sty
Package: MULEenc 2015/04/18 4.8.4
)
(/usr/share/texmf-dist/tex/latex/cjk/texinput/CJK.enc
File: CJK.enc 2015/04/18 4.8.4
Now handling font encoding C00 ...
... no UTF-8 mapping file for font encoding C00
Now handling font encoding C05 ...
... no UTF-8 mapping file for font encoding C05
Now handling font encoding C09 ...
... no UTF-8 mapping file for font encoding C09
Now handling font encoding C10 ...
... no UTF-8 mapping file for font encoding C10
Now handling font encoding C20 ...
... no UTF-8 mapping file for font encoding C20
Now handling font encoding C19 ...
... no UTF-8 mapping file for font encoding C19
Now handling font encoding C40 ...
... no UTF-8 mapping file for font encoding C40
Now handling font encoding C42 ...
... no UTF-8 mapping file for font encoding C42
Now handling font encoding C43 ...
... no UTF-8 mapping file for font encoding C43
Now handling font encoding C50 ...
... no UTF-8 mapping file for font encoding C50
Now handling font encoding C52 ...
... no UTF-8 mapping file for font encoding C52
Now handling font encoding C49 ...
... no UTF-8 mapping file for font encoding C49
Now handling font encoding C60 ...
... no UTF-8 mapping file for font encoding C60
Now handling font encoding C61 ...
... no UTF-8 mapping file for font encoding C61
Now handling font encoding C63 ...
... no UTF-8 mapping file for font encoding C63
Now handling font encoding C64 ...
... no UTF-8 mapping file for font encoding C64
Now handling font encoding C65 ...
... no UTF-8 mapping file for font encoding C65
Now handling font encoding C70 ...
... no UTF-8 mapping file for font encoding C70
Now handling font encoding C31 ...
... no UTF-8 mapping file for font encoding C31
Now handling font encoding C32 ...
... no UTF-8 mapping file for font encoding C32
Now handling font encoding C33 ...
... no UTF-8 mapping file for font encoding C33
Now handling font encoding C34 ...
... no UTF-8 mapping file for font encoding C34
Now handling font encoding C35 ...
... no UTF-8 mapping file for font encoding C35
Now handling font encoding C36 ...
... no UTF-8 mapping file for font encoding C36
Now handling font encoding C37 ...
... no UTF-8 mapping file for font encoding C37
Now handling font encoding C80 ...
... no UTF-8 mapping file for font encoding C80
Now handling font encoding C81 ...
... no UTF-8 mapping file for font encoding C81
Now handling font encoding C01 ...
... no UTF-8 mapping file for font encoding C01
Now handling font encoding C11 ...
... no UTF-8 mapping file for font encoding C11
Now handling font encoding C21 ...
... no UTF-8 mapping file for font encoding C21
Now handling font encoding C41 ...
... no UTF-8 mapping file for font encoding C41
Now handling font encoding C62 ...
... no UTF-8 mapping file for font encoding C62
)
LaTeX Info: Redefining \selectfont on input line 755.
\CJK@indent=\box32
)
(/usr/share/texmf-dist/tex/latex/cjk/texinput/CJKutf8.sty
Package: CJKutf8 2015/04/18 4.8.4

(/usr/share/texmf-dist/tex/latex/base/inputenc.sty
Package: inputenc 2018/04/06 v1.3b Input encoding file
\inpenc@prehook=\toks18
\inpenc@posthook=\toks19
)
(/usr/share/texmf-dist/tex/latex/base/fontenc.sty
Package: fontenc 2017/04/05 v2.0i Standard LaTeX package
))
(/usr/share/texmf-dist/tex/latex/cjk/texinput/CJKspace.sty
Package: CJKspace 2015/04/18 3.8.0
)
(/usr/share/texmf-dist/tex/latex/cjkpunct/CJKpunct.sty
Package: CJKpunct 2016/05/14 4.8.4
\CJKpunct@cnta=\count97
\CJKpunct@cntb=\count98
\CJKpunct@cntc=\count99
\CJKpunct@cntd=\count100
\CJKpunct@cnte=\count101
   defining Unicode char U+2018 (decimal 8216)
   defining Unicode char U+2019 (decimal 8217)
   defining Unicode char U+201C (decimal 8220)
   defining Unicode char U+201D (decimal 8221)
   defining Unicode char U+2014 (decimal 8212)
   defining Unicode char U+2026 (decimal 8230)

(/usr/share/texmf-dist/tex/latex/cjkpunct/CJKpunct.spa))
(/usr/share/texmf-dist/tex/latex/etoolbox/etoolbox.sty
Package: etoolbox 2018/02/11 v2.5e e-TeX tools for LaTeX (JAW)
\etb@tempcnta=\count102
)
(/usr/share/texmf-dist/tex/latex/cjk/texinput/UTF8/UTF8.bdg
File: UTF8.bdg 2015/04/18 4.8.4
))

Class scrartcl Warning: Usage of package `fancyhdr' together
(scrartcl)              with a KOMA-Script class is not recommended.
(scrartcl)              I'd suggest to use 
(scrartcl)              package `scrlayer' or `scrlayer-scrpage', because
(scrartcl)              they support KOMA-Script classes.
(scrartcl)              With `fancyhdr' several features of class `scrartcl'
(scrartcl)              like options `headsepline', `footsepline' or command
(scrartcl)              `\MakeMarkcase' and the commands `\setkomafont' and
(scrartcl)              `\addtokomafont' for the page style elements need
(scrartcl)              explicite user intervention to work.
(scrartcl)              Nevertheless, using requested
(scrartcl)              package `fancyhdr' on input line 27.

(/usr/share/texmf-dist/tex/latex/fancyhdr/fancyhdr.sty
Package: fancyhdr 2017/06/30 v3.9a Extensive control of page headers and footer
s
\f@nch@headwidth=\skip58
\f@nch@O@elh=\skip59
\f@nch@O@erh=\skip60
\f@nch@O@olh=\skip61
\f@nch@O@orh=\skip62
\f@nch@O@elf=\skip63
\f@nch@O@erf=\skip64
\f@nch@O@olf=\skip65
\f@nch@O@orf=\skip66
)
(/usr/share/texmf-dist/tex/latex/sectsty/sectsty.sty
Package: sectsty 2002/02/25 v2.0.2 Commands to change all sectional heading sty
les
)
\spacebox=\skip67

(./resume_lutao_jp_cisco2.aux)
\openout1 = `resume_lutao_jp_cisco2.aux'.

LaTeX Font Info:    Checking defaults for OML/cmm/m/it on input line 90.
LaTeX Font Info:    ... okay on input line 90.
LaTeX Font Info:    Checking defaults for T1/cmr/m/n on input line 90.
LaTeX Font Info:    ... okay on input line 90.
LaTeX Font Info:    Checking defaults for OT1/cmr/m/n on input line 90.
LaTeX Font Info:    ... okay on input line 90.
LaTeX Font Info:    Checking defaults for OMS/cmsy/m/n on input line 90.
LaTeX Font Info:    ... okay on input line 90.
LaTeX Font Info:    Checking defaults for OMX/cmex/m/n on input line 90.
LaTeX Font Info:    ... okay on input line 90.
LaTeX Font Info:    Checking defaults for U/cmr/m/n on input line 90.
LaTeX Font Info:    ... okay on input line 90.
LaTeX Font Info:    Checking defaults for C00/song/m/n on input line 90.
LaTeX Font Info:    ... okay on input line 90.
LaTeX Font Info:    Checking defaults for C05/song/m/n on input line 90.
LaTeX Font Info:    ... okay on input line 90.
LaTeX Font Info:    Checking defaults for C09/song/m/n on input line 90.
LaTeX Font Info:    ... okay on input line 90.
LaTeX Font Info:    Checking defaults for C10/song/m/n on input line 90.
LaTeX Font Info:    ... okay on input line 90.
LaTeX Font Info:    Checking defaults for C20/song/m/n on input line 90.
LaTeX Font Info:    ... okay on input line 90.
LaTeX Font Info:    Checking defaults for C19/song/m/n on input line 90.
LaTeX Font Info:    ... okay on input line 90.
LaTeX Font Info:    Checking defaults for C40/song/m/n on input line 90.
LaTeX Font Info:    ... okay on input line 90.
LaTeX Font Info:    Checking defaults for C42/song/m/n on input line 90.
LaTeX Font Info:    ... okay on input line 90.
LaTeX Font Info:    Checking defaults for C43/song/m/n on input line 90.
LaTeX Font Info:    ... okay on input line 90.
LaTeX Font Info:    Checking defaults for C50/song/m/n on input line 90.
LaTeX Font Info:    ... okay on input line 90.
LaTeX Font Info:    Checking defaults for C52/song/m/n on input line 90.
LaTeX Font Info:    ... okay on input line 90.
LaTeX Font Info:    Checking defaults for C49/song/m/n on input line 90.
LaTeX Font Info:    ... okay on input line 90.
LaTeX Font Info:    Checking defaults for C60/mj/m/n on input line 90.
LaTeX Font Info:    ... okay on input line 90.
LaTeX Font Info:    Checking defaults for C61/mj/m/n on input line 90.
LaTeX Font Info:    ... okay on input line 90.
LaTeX Font Info:    Checking defaults for C63/mj/m/n on input line 90.
LaTeX Font Info:    ... okay on input line 90.
LaTeX Font Info:    Checking defaults for C64/mj/m/n on input line 90.
LaTeX Font Info:    ... okay on input line 90.
LaTeX Font Info:    Checking defaults for C65/mj/m/n on input line 90.
LaTeX Font Info:    ... okay on input line 90.
LaTeX Font Info:    Checking defaults for C70/song/m/n on input line 90.
LaTeX Font Info:    ... okay on input line 90.
LaTeX Font Info:    Checking defaults for C31/song/m/n on input line 90.
LaTeX Font Info:    ... okay on input line 90.
LaTeX Font Info:    Checking defaults for C32/song/m/n on input line 90.
LaTeX Font Info:    ... okay on input line 90.
LaTeX Font Info:    Checking defaults for C33/song/m/n on input line 90.
LaTeX Font Info:    ... okay on input line 90.
LaTeX Font Info:    Checking defaults for C34/song/m/n on input line 90.
LaTeX Font Info:    ... okay on input line 90.
LaTeX Font Info:    Checking defaults for C35/song/m/n on input line 90.
LaTeX Font Info:    ... okay on input line 90.
LaTeX Font Info:    Checking defaults for C36/song/m/n on input line 90.
LaTeX Font Info:    ... okay on input line 90.
LaTeX Font Info:    Checking defaults for C37/song/m/n on input line 90.
LaTeX Font Info:    ... okay on input line 90.
LaTeX Font Info:    Checking defaults for C80/song/m/n on input line 90.
LaTeX Font Info:    ... okay on input line 90.
LaTeX Font Info:    Checking defaults for C81/song/m/n on input line 90.
LaTeX Font Info:    ... okay on input line 90.
LaTeX Font Info:    Checking defaults for C01/song/m/n on input line 90.
LaTeX Font Info:    ... okay on input line 90.
LaTeX Font Info:    Checking defaults for C11/song/m/n on input line 90.
LaTeX Font Info:    ... okay on input line 90.
LaTeX Font Info:    Checking defaults for C21/song/m/n on input line 90.
LaTeX Font Info:    ... okay on input line 90.
LaTeX Font Info:    Checking defaults for C41/song/m/n on input line 90.
LaTeX Font Info:    ... okay on input line 90.
LaTeX Font Info:    Checking defaults for C62/song/m/n on input line 90.
LaTeX Font Info:    ... okay on input line 90.
LaTeX Info: Redefining \microtypecontext on input line 90.
Package microtype Info: Generating PDF output.
Package microtype Info: Character protrusion enabled (level 2).
Package microtype Info: Using default protrusion set `alltext'.
Package microtype Info: Automatic font expansion enabled (level 2),
(microtype)             stretch: 20, shrink: 20, step: 1, non-selected.
Package microtype Info: Using default expansion set `basictext'.
Package microtype Info: No adjustment of tracking.
Package microtype Info: No adjustment of interword spacing.
Package microtype Info: No adjustment of character kerning.

(/usr/share/texmf-dist/tex/latex/microtype/mt-cmr.cfg
File: mt-cmr.cfg 2013/05/19 v2.2 microtype config. file: Computer Modern Roman 
(RS)
)
(/usr/share/texmf-dist/tex/context/base/mkii/supp-pdf.mkii
[Loading MPS to PDF converter (version 2006.09.02).]
\scratchcounter=\count103
\scratchdimen=\dimen117
\scratchbox=\box33
\nofMPsegments=\count104
\nofMParguments=\count105
\everyMPshowfont=\toks20
\MPscratchCnt=\count106
\MPscratchDim=\dimen118
\MPnumerator=\count107
\makeMPintoPDFobject=\count108
\everyMPtoPDFconversion=\toks21
) (/usr/share/texmf-dist/tex/latex/oberdiek/epstopdf-base.sty
Package: epstopdf-base 2016/05/15 v2.6 Base part for package epstopdf

(/usr/share/texmf-dist/tex/generic/oberdiek/infwarerr.sty
Package: infwarerr 2016/05/16 v1.4 Providing info/warning/error messages (HO)
)
(/usr/share/texmf-dist/tex/latex/oberdiek/grfext.sty
Package: grfext 2016/05/16 v1.2 Manage graphics extensions (HO)

(/usr/share/texmf-dist/tex/generic/oberdiek/kvdefinekeys.sty
Package: kvdefinekeys 2016/05/16 v1.4 Define keys (HO)

(/usr/share/texmf-dist/tex/generic/oberdiek/ltxcmds.sty
Package: ltxcmds 2016/05/16 v1.23 LaTeX kernel commands for general use (HO)
)))
(/usr/share/texmf-dist/tex/latex/oberdiek/kvoptions.sty
Package: kvoptions 2016/05/16 v3.12 Key value format for package options (HO)

(/usr/share/texmf-dist/tex/generic/oberdiek/kvsetkeys.sty
Package: kvsetkeys 2016/05/16 v1.17 Key value parser (HO)

(/usr/share/texmf-dist/tex/generic/oberdiek/etexcmds.sty
Package: etexcmds 2016/05/16 v1.6 Avoid name clashes with e-TeX commands (HO)

(/usr/share/texmf-dist/tex/generic/oberdiek/ifluatex.sty
Package: ifluatex 2016/05/16 v1.4 Provides the ifluatex switch (HO)
Package ifluatex Info: LuaTeX not detected.
)
Package etexcmds Info: Could not find \expanded.
(etexcmds)             That can mean that you are not using pdfTeX 1.50 or
(etexcmds)             that some package has redefined \expanded.
(etexcmds)             In the latter case, load this package earlier.
)))
(/usr/share/texmf-dist/tex/generic/oberdiek/pdftexcmds.sty
Package: pdftexcmds 2018/01/30 v0.27 Utility functions of pdfTeX for LuaTeX (HO
)
Package pdftexcmds Info: LuaTeX not detected.
Package pdftexcmds Info: \pdf@primitive is available.
Package pdftexcmds Info: \pdf@ifprimitive is available.
Package pdftexcmds Info: \pdfdraftmode found.
)
Package epstopdf-base Info: Redefining graphics rule for `.eps' on input line 4
38.
Package grfext Info: Graphics extension search list:
(grfext)             [.pdf,.png,.jpg,.mps,.jpeg,.jbig2,.jb2,.PDF,.PNG,.JPG,.JPE
G,.JBIG2,.JB2,.eps]
(grfext)             \AppendGraphicsExtensions on input line 456.

(/usr/share/texmf-dist/tex/latex/latexconfig/epstopdf-sys.cfg
File: epstopdf-sys.cfg 2010/07/13 v1.3 Configuration of (r)epstopdf for TeX Liv
e
))
*geometry* driver: auto-detecting
*geometry* detected driver: pdftex
*geometry* verbose mode - [ preamble ] result:
* driver: pdftex
* paper: <default>
* layout: <same size as paper>
* layoutoffset:(h,v)=(0.0pt,0.0pt)
* modes: 
* h-part:(L,W,R)=(89.6271pt, 418.25372pt, 89.6271pt)
* v-part:(T,H,B)=(101.40665pt, 591.53027pt, 152.11002pt)
* \paperwidth=597.50793pt
* \paperheight=845.04694pt
* \textwidth=418.25372pt
* \textheight=903.3783pt
* \oddsidemargin=17.35712pt
* \evensidemargin=17.35712pt
* \topmargin=-5.51321pt
* \headheight=0.0pt
* \headsep=5.0pt
* \topskip=10.5pt
* \footskip=44.09984pt
* \marginparwidth=74.68849pt
* \marginparsep=12.8401pt
* \columnsep=10.0pt
* \skip\footins=9.44997pt plus 4.19952pt minus 2.10043pt
* \hoffset=0.0pt
* \voffset=-21.68121pt
* \mag=1000
* \@twocolumnfalse
* \@twosidefalse
* \@mparswitchfalse
* \@reversemarginfalse
* (1in=72.27pt=25.4mm, 1cm=28.453pt)

(/usr/share/texmf-dist/tex/latex/cjk/texinput/UTF8/UTF8.enc
File: UTF8.enc 2015/04/18 4.8.4
)
(/usr/share/texmf-dist/tex/latex/cjk/texinput/UTF8/UTF8.chr
File: UTF8.chr 2015/04/18 4.8.4
)
<./photo.jpg, id=1, 614.295pt x 721.69624pt>
File: ./photo.jpg Graphic file (type jpg)
<use ./photo.jpg>
Package pdftex.def Info: ./photo.jpg  used on input line 94.
(pdftex.def)             Requested size: 62.7355pt x 73.69353pt.


LaTeX Font Warning: Font shape `OT1/cmr/m/n' in size <26.12407> not available
(Font)              size <24.88> substituted on input line 99.

LaTeX Font Info:    Try loading font information for OT1+phv on input line 99.
(/usr/share/texmf-dist/tex/latex/psnfss/ot1phv.fd
File: ot1phv.fd 2001/06/04 scalable font definitions for OT1/phv.
)
Package microtype Info: Loading generic protrusion settings for font family
(microtype)             `phv' (encoding: OT1).
(microtype)             For optimal results, create family-specific settings.
(microtype)             See the microtype manual for details.
LaTeX Font Info:    Font shape `C70/mc/b/n'
(Font)              in size <13.06203> not available.
(Font)              Font shape `C70/mc/bx/n'
(Font)              tried instead on input line 99.
LaTeX Font Info:    Font shape `C70/mc/bx/n'
(Font)              in size <13.06203> not available.
(Font)              Font shape `C70/gt/m/n'
(Font)              tried instead on input line 99.
LaTeX Font Info:    Font shape `C70/gt/m/n' will be
(Font)              scaled to size 13.06203pt on input line 99.
Package CJKpunct Info: punctuation spaces for family 'mc' do not exist. Use fam
ily 'def' instead. on input line 99.


LaTeX Font Warning: Font shape `OT1/cmr/m/n' in size <18.14397> not available
(Font)              size <17.28> substituted on input line 100.

LaTeX Font Info:    Font shape `OT1/phv/m/it' in size <18.14397> not available
(Font)              Font shape `OT1/phv/m/sl' tried instead on input line 100.
LaTeX Font Info:    Font shape `C70/mc/m/it'
(Font)              in size <18.14397> not available.
(Font)              Font shape `C70/mc/m/n'
(Font)              tried instead on input line 100.
LaTeX Font Info:    Font shape `C70/mc/m/n' will be
(Font)              scaled to size 18.14397pt on input line 100.

Class scrartcl Warning: incompatible usage of \@ssect detected.
(scrartcl)              You've used the KOMA-Script implementation of \@ssect
(scrartcl)              from within a non compatible caller, that does not
(scrartcl)              \scr@s@ct@@nn@m@ locally.
(scrartcl)              This could result in several error messages on input li
ne 107.


LaTeX Font Warning: Font shape `OT1/cmr/m/n' in size <15.12003> not available
(Font)              size <14.4> substituted on input line 107.


LaTeX Font Warning: Font shape `OT1/cmss/m/n' in size <15.12003> not available
(Font)              size <14.4> substituted on input line 107.

Package microtype Info: Loading generic protrusion settings for font family
(microtype)             `cmss' (encoding: OT1).
(microtype)             For optimal results, create family-specific settings.
(microtype)             See the microtype manual for details.

LaTeX Font Warning: Font shape `OT1/cmss/bx/n' in size <15.12003> not available

(Font)              size <14.4> substituted on input line 107.

LaTeX Font Info:    Font shape `C70/gt/b/n'
(Font)              in size <15.12003> not available.
(Font)              Font shape `C70/gt/bx/n'
(Font)              tried instead on input line 107.
LaTeX Font Info:    Font shape `C70/gt/bx/n'
(Font)              in size <15.12003> not available.
(Font)              Font shape `C70/gt/m/n'
(Font)              tried instead on input line 107.
LaTeX Font Info:    Font shape `C70/gt/m/n' will be
(Font)              scaled to size 15.12003pt on input line 107.

LaTeX Font Warning: Font shape `OT1/cmr/m/it' in size <10.5> not available
(Font)              size <10.95> substituted on input line 109.

LaTeX Font Info:    Font shape `C70/mc/m/it'
(Font)              in size <10.5> not available.
(Font)              Font shape `C70/mc/m/n'
(Font)              tried instead on input line 109.
LaTeX Font Info:    Font shape `C70/mc/m/n' will be
(Font)              scaled to size 10.5pt on input line 109.
LaTeX Font Info:    Calculating math sizes for size <10.5> on input line 109.

LaTeX Font Warning: Font shape `OML/cmm/m/it' in size <10.5> not available
(Font)              size <10.95> substituted on input line 109.


LaTeX Font Warning: Font shape `OMS/cmsy/m/n' in size <10.5> not available
(Font)              size <10.95> substituted on input line 109.

LaTeX Font Info:    External font `cmex10' loaded for size
(Font)              <10.5> on input line 109.
LaTeX Font Info:    External font `cmex10' loaded for size
(Font)              <7.34996> on input line 109.
LaTeX Font Info:    External font `cmex10' loaded for size
(Font)              <5.25> on input line 109.

LaTeX Font Warning: Font shape `OT1/cmtt/m/n' in size <10.5> not available
(Font)              size <10.95> substituted on input line 113.

Package microtype Info: Loading generic protrusion settings for font family
(microtype)             `cmtt' (encoding: OT1).
(microtype)             For optimal results, create family-specific settings.
(microtype)             See the microtype manual for details.

Class scrartcl Warning: incompatible usage of \@ssect detected.
(scrartcl)              You've used the KOMA-Script implementation of \@ssect
(scrartcl)              from within a non compatible caller, that does not
(scrartcl)              \scr@s@ct@@nn@m@ locally.
(scrartcl)              This could result in several error messages on input li
ne 118.


LaTeX Font Warning: Font shape `OT1/cmr/bx/n' in size <10.5> not available
(Font)              size <10.95> substituted on input line 120.

LaTeX Font Info:    Font shape `C70/mc/bx/n'
(Font)              in size <10.5> not available.
(Font)              Font shape `C70/gt/m/n'
(Font)              tried instead on input line 120.
LaTeX Font Info:    Font shape `C70/gt/m/n' will be
(Font)              scaled to size 10.5pt on input line 120.

LaTeX Font Warning: Font shape `OT1/cmr/m/n' in size <9.58131> not available
(Font)              size <10> substituted on input line 120.

LaTeX Font Info:    Font shape `C70/mc/m/n' will be
(Font)              scaled to size 9.58131pt on input line 120.

Class scrartcl Warning: incompatible usage of \@ssect detected.
(scrartcl)              You've used the KOMA-Script implementation of \@ssect
(scrartcl)              from within a non compatible caller, that does not
(scrartcl)              \scr@s@ct@@nn@m@ locally.
(scrartcl)              This could result in several error messages on input li
ne 129.


Class scrartcl Warning: incompatible usage of \@ssect detected.
(scrartcl)              You've used the KOMA-Script implementation of \@ssect
(scrartcl)              from within a non compatible caller, that does not
(scrartcl)              \scr@s@ct@@nn@m@ locally.
(scrartcl)              This could result in several error messages on input li
ne 135.


Class scrartcl Warning: incompatible usage of \@ssect detected.
(scrartcl)              You've used the KOMA-Script implementation of \@ssect
(scrartcl)              from within a non compatible caller, that does not
(scrartcl)              \scr@s@ct@@nn@m@ locally.
(scrartcl)              This could result in several error messages on input li
ne 144.

Package CJKpunct Info: punctuation spaces for family 'gt' do not exist. Use fam
ily 'def' instead. on input line 144.

LaTeX Font Warning: Font shape `OT1/cmr/m/sc' in size <10.5> not available
(Font)              size <10.95> substituted on input line 153.


Class scrartcl Warning: incompatible usage of \@ssect detected.
(scrartcl)              You've used the KOMA-Script implementation of \@ssect
(scrartcl)              from within a non compatible caller, that does not
(scrartcl)              \scr@s@ct@@nn@m@ locally.
(scrartcl)              This could result in several error messages on input li
ne 160.


Overfull \hbox (8.52478pt too wide) in paragraph at lines 161--163
\OT1/cmr/m/n/10.95 (-20) 2. 2\C70/mc/m/n/10.5 Þ ý \C70/mc/m/n/10.5/96 › \C70/mc
/m/n/10.5 f \C70/mc/m/n/10.5 ^^Z \C70/mc/m/n/10.5/7d L \C70/mc/m/n/10.5/9a ^^S 
\OT1/cmr/m/n/10.95 (-20) (In-ter-na-tional Con-fer-ence on Hy-droin-for-mat-ics
 (HIC 2016); ISEWS2018) 
 []


Class scrartcl Warning: incompatible usage of \@ssect detected.
(scrartcl)              You've used the KOMA-Script implementation of \@ssect
(scrartcl)              from within a non compatible caller, that does not
(scrartcl)              \scr@s@ct@@nn@m@ locally.
(scrartcl)              This could result in several error messages on input li
ne 167.

[1

{/var/lib/texmf/fonts/map/pdftex/updmap/pdftex.map} <./photo.jpg>]
(./resume_lutao_jp_cisco2.aux)

LaTeX Font Warning: Size substitutions with differences
(Font)              up to 1.24406pt have occurred.

 )
(\end occurred when \iffalse on line 540 was incomplete) 
Here is how much of TeX's memory you used:
 11003 strings out of 492658
 177162 string characters out of 6136196
 386744 words of memory out of 5000000
 14454 multiletter control sequences out of 15000+600000
 46017 words of font info for 164 fonts, out of 8000000 for 9000
 1141 hyphenation exceptions out of 8191
 51i,7n,51p,9108b,387s stack positions out of 5000i,500n,10000p,200000b,80000s
{/usr/share/texmf-dist/
fonts/enc/dvips/base/8r.enc}</usr/share/texmf-dist/fonts/type1/public/amsfonts/
cm/cmcsc10.pfb></usr/share/texmf-dist/fonts/type1/public/amsfonts/cm/cmr10.pfb>
</usr/share/texmf-dist/fonts/type1/public/amsfonts/cm/cmtt10.pfb></usr/share/te
xmf-dist/fonts/type1/public/ipaex-type1/ipxg-r-u30.pfb></usr/share/texmf-dist/f
onts/type1/public/ipaex-type1/ipxg-r-u4e.pfb></usr/share/texmf-dist/fonts/type1
/public/ipaex-type1/ipxg-r-u4f.pfb></usr/share/texmf-dist/fonts/type1/public/ip
aex-type1/ipxg-r-u50.pfb></usr/share/texmf-dist/fonts/type1/public/ipaex-type1/
ipxg-r-u53.pfb></usr/share/texmf-dist/fonts/type1/public/ipaex-type1/ipxg-r-u58
.pfb></usr/share/texmf-dist/fonts/type1/public/ipaex-type1/ipxg-r-u5b.pfb></usr
/share/texmf-dist/fonts/type1/public/ipaex-type1/ipxg-r-u5c.pfb></usr/share/tex
mf-dist/fonts/type1/public/ipaex-type1/ipxg-r-u5d.pfb></usr/share/texmf-dist/fo
nts/type1/public/ipaex-type1/ipxg-r-u5e.pfb></usr/share/texmf-dist/fonts/type1/
public/ipaex-type1/ipxg-r-u5f.pfb></usr/share/texmf-dist/fonts/type1/public/ipa
ex-type1/ipxg-r-u60.pfb></usr/share/texmf-dist/fonts/type1/public/ipaex-type1/i
pxg-r-u65.pfb></usr/share/texmf-dist/fonts/type1/public/ipaex-type1/ipxg-r-u67.
pfb></usr/share/texmf-dist/fonts/type1/public/ipaex-type1/ipxg-r-u69.pfb></usr/
share/texmf-dist/fonts/type1/public/ipaex-type1/ipxg-r-u6b.pfb></usr/share/texm
f-dist/fonts/type1/public/ipaex-type1/ipxg-r-u6c.pfb></usr/share/texmf-dist/fon
ts/type1/public/ipaex-type1/ipxg-r-u6d.pfb></usr/share/texmf-dist/fonts/type1/p
ublic/ipaex-type1/ipxg-r-u6e.pfb></usr/share/texmf-dist/fonts/type1/public/ipae
x-type1/ipxg-r-u74.pfb></usr/share/texmf-dist/fonts/type1/public/ipaex-type1/ip
xg-r-u7d.pfb></usr/share/texmf-dist/fonts/type1/public/ipaex-type1/ipxg-r-u80.p
fb></usr/share/texmf-dist/fonts/type1/public/ipaex-type1/ipxg-r-u8a.pfb></usr/s
hare/texmf-dist/fonts/type1/public/ipaex-type1/ipxg-r-u8d.pfb></usr/share/texmf
-dist/fonts/type1/public/ipaex-type1/ipxg-r-u90.pfb></usr/share/texmf-dist/font
s/type1/public/ipaex-type1/ipxg-r-u9a.pfb></usr/share/texmf-dist/fonts/type1/pu
blic/ipaex-type1/ipxm-r-u30.pfb></usr/share/texmf-dist/fonts/type1/public/ipaex
-type1/ipxm-r-u4e.pfb></usr/share/texmf-dist/fonts/type1/public/ipaex-type1/ipx
m-r-u4f.pfb></usr/share/texmf-dist/fonts/type1/public/ipaex-type1/ipxm-r-u51.pf
b></usr/share/texmf-dist/fonts/type1/public/ipaex-type1/ipxm-r-u52.pfb></usr/sh
are/texmf-dist/fonts/type1/public/ipaex-type1/ipxm-r-u53.pfb></usr/share/texmf-
dist/fonts/type1/public/ipaex-type1/ipxm-r-u54.pfb></usr/share/texmf-dist/fonts
/type1/public/ipaex-type1/ipxm-r-u55.pfb></usr/share/texmf-dist/fonts/type1/pub
lic/ipaex-type1/ipxm-r-u56.pfb></usr/share/texmf-dist/fonts/type1/public/ipaex-
type1/ipxm-r-u57.pfb></usr/share/texmf-dist/fonts/type1/public/ipaex-type1/ipxm
-r-u58.pfb></usr/share/texmf-dist/fonts/type1/public/ipaex-type1/ipxm-r-u59.pfb
></usr/share/texmf-dist/fonts/type1/public/ipaex-type1/ipxm-r-u5b.pfb></usr/sha
re/texmf-dist/fonts/type1/public/ipaex-type1/ipxm-r-u5c.pfb></usr/share/texmf-d
ist/fonts/type1/public/ipaex-type1/ipxm-r-u5d.pfb></usr/share/texmf-dist/fonts/
type1/public/ipaex-type1/ipxm-r-u5e.pfb></usr/share/texmf-dist/fonts/type1/publ
ic/ipaex-type1/ipxm-r-u5f.pfb></usr/share/texmf-dist/fonts/type1/public/ipaex-t
ype1/ipxm-r-u62.pfb></usr/share/texmf-dist/fonts/type1/public/ipaex-type1/ipxm-
r-u63.pfb></usr/share/texmf-dist/fonts/type1/public/ipaex-type1/ipxm-r-u64.pfb>
</usr/share/texmf-dist/fonts/type1/public/ipaex-type1/ipxm-r-u65.pfb></usr/shar
e/texmf-dist/fonts/type1/public/ipaex-type1/ipxm-r-u66.pfb></usr/share/texmf-di
st/fonts/type1/public/ipaex-type1/ipxm-r-u67.pfb></usr/share/texmf-dist/fonts/t
ype1/public/ipaex-type1/ipxm-r-u68.pfb></usr/share/texmf-dist/fonts/type1/publi
c/ipaex-type1/ipxm-r-u69.pfb></usr/share/texmf-dist/fonts/type1/public/ipaex-ty
pe1/ipxm-r-u6b.pfb></usr/share/texmf-dist/fonts/type1/public/ipaex-type1/ipxm-r
-u6c.pfb></usr/share/texmf-dist/fonts/type1/public/ipaex-type1/ipxm-r-u6d.pfb><
/usr/share/texmf-dist/fonts/type1/public/ipaex-type1/ipxm-r-u6e.pfb></usr/share
/texmf-dist/fonts/type1/public/ipaex-type1/ipxm-r-u70.pfb></usr/share/texmf-dis
t/fonts/type1/public/ipaex-type1/ipxm-r-u74.pfb></usr/share/texmf-dist/fonts/ty
pe1/public/ipaex-type1/ipxm-r-u75.pfb></usr/share/texmf-dist/fonts/type1/public
/ipaex-type1/ipxm-r-u76.pfb></usr/share/texmf-dist/fonts/type1/public/ipaex-typ
e1/ipxm-r-u77.pfb></usr/share/texmf-dist/fonts/type1/public/ipaex-type1/ipxm-r-
u78.pfb></usr/share/texmf-dist/fonts/type1/public/ipaex-type1/ipxm-r-u79.pfb></
usr/share/texmf-dist/fonts/type1/public/ipaex-type1/ipxm-r-u7a.pfb></usr/share/
texmf-dist/fonts/type1/public/ipaex-type1/ipxm-r-u7b.pfb></usr/share/texmf-dist
/fonts/type1/public/ipaex-type1/ipxm-r-u7d.pfb></usr/share/texmf-dist/fonts/typ
e1/public/ipaex-type1/ipxm-r-u80.pfb></usr/share/texmf-dist/fonts/type1/public/
ipaex-type1/ipxm-r-u82.pfb></usr/share/texmf-dist/fonts/type1/public/ipaex-type
1/ipxm-r-u88.pfb></usr/share/texmf-dist/fonts/type1/public/ipaex-type1/ipxm-r-u
89.pfb></usr/share/texmf-dist/fonts/type1/public/ipaex-type1/ipxm-r-u8a.pfb></u
sr/share/texmf-dist/fonts/type1/public/ipaex-type1/ipxm-r-u8c.pfb></usr/share/t
exmf-dist/fonts/type1/public/ipaex-type1/ipxm-r-u8d.pfb></usr/share/texmf-dist/
fonts/type1/public/ipaex-type1/ipxm-r-u8e.pfb></usr/share/texmf-dist/fonts/type
1/public/ipaex-type1/ipxm-r-u90.pfb></usr/share/texmf-dist/fonts/type1/public/i
paex-type1/ipxm-r-u91.pfb></usr/share/texmf-dist/fonts/type1/public/ipaex-type1
/ipxm-r-u92.pfb></usr/share/texmf-dist/fonts/type1/public/ipaex-type1/ipxm-r-u9
3.pfb></usr/share/texmf-dist/fonts/type1/public/ipaex-type1/ipxm-r-u95.pfb></us
r/share/texmf-dist/fonts/type1/public/ipaex-type1/ipxm-r-u96.pfb></usr/share/te
xmf-dist/fonts/type1/public/ipaex-type1/ipxm-r-u98.pfb></usr/share/texmf-dist/f
onts/type1/public/ipaex-type1/ipxm-r-u99.pfb></usr/share/texmf-dist/fonts/type1
/public/ipaex-type1/ipxm-r-u9a.pfb></usr/share/texmf-dist/fonts/type1/public/ip
aex-type1/ipxm-r-uff.pfb></usr/share/texmf-dist/fonts/type1/urw/helvetic/uhvb8a
.pfb>
Output written on resume_lutao_jp_cisco2.pdf (1 page, 606100 bytes).
PDF statistics:
 419 PDF objects out of 1000 (max. 8388607)
 266 compressed objects within 3 object streams
 0 named destinations out of 1000 (max. 500000)
 12018 words of extra memory for PDF output out of 14400 (max. 10000000)

